生成启动时间为 2017/5/8 14:46:50。
     1>项目“E:\1_CODE\GDAL\RASTERCUT\RasterIOCut\RasterIOCut\RasterIOCut.vcxproj”在节点 2 上(build 个目标)。
     1>InitializeBuildStatus:
         正在创建“Debug\RasterIOCut.unsuccessfulbuild”，因为已指定“AlwaysCreate”。
       ClCompile:
         D:\APP\VS2010\VC\bin\CL.exe /c /I"C:\Program Files (x86)\Common Files\ArcGIS\bin" /ID:\APP\ArcGIS10\DeveloperKit10.1\include\CPPAPI /ID:\APP\ArcGIS10\Engine10.1\com /ZI /nologo /W3 /WX- /Od /Oy- /D WIN32 /D _DEBUG /D _CONSOLE /D ESRI_WINDOWS /D _UNICODE /D UNICODE /Gm /EHsc /RTC1 /MDd /GS /fp:precise /Zc:wchar_t /Zc:forScope /Fo"Debug\\" /Fd"Debug\vc100.pdb" /Gd /TP /analyze- /errorReport:prompt main.cpp
         main.cpp
     1>d:\app\gdal\include\cpl_string.h(237): warning C4251: “std::_String_val<_Elem,_Alloc>::_Alval”: class“std::allocator<_Ty>”需要有 dll 接口由 class“std::_String_val<_Elem,_Alloc>”的客户端使用
                 with
                 [
                     _Elem=char,
                     _Alloc=std::allocator<char>
                 ]
                 and
                 [
                     _Ty=char
                 ]
                 and
                 [
                     _Elem=char,
                     _Alloc=std::allocator<char>
                 ]
     1>d:\app\gdal\include\gdal_priv.h(586): warning C4251: “GDALColorTable::aoEntries”: class“std::vector<_Ty>”需要有 dll 接口由 class“GDALColorTable”的客户端使用
                 with
                 [
                     _Ty=GDALColorEntry
                 ]
     1>d:\app\gdal\include\gdal_priv.h(980): warning C4251: “GDALDriverManager::oMapNameToDrivers”: class“std::map<_Kty,_Ty>”需要有 dll 接口由 class“GDALDriverManager”的客户端使用
                 with
                 [
                     _Kty=CPLString,
                     _Ty=GDALDriver *
                 ]
       Link:
         D:\APP\VS2010\VC\bin\link.exe /ERRORREPORT:PROMPT /OUT:"E:\1_CODE\GDAL\RASTERCUT\RasterIOCut\Debug\RasterIOCut.exe" /INCREMENTAL /NOLOGO /LIBPATH:D:\APP\ArcGIS10\Engine10.1\lib /LIBPATH:D:\APP\ArcGIS10\DeveloperKit10.1\lib /LIBPATH:D:\APP\Qt\lib /LIBPATH:D:\APP\1_GSL\opencv\build\x86\vc10\lib /LIBPATH:D:\APP\1_GSL\opencv\build\x86\vc10\staticlib opencv_calib3d2410d.lib opencv_contrib2410d.lib opencv_core2410d.lib opencv_features2d2410d.lib opencv_flann2410d.lib opencv_gpu2410d.lib opencv_highgui2410d.lib opencv_imgproc2410d.lib opencv_legacy2410d.lib opencv_ml2410d.lib opencv_nonfree2410d.lib opencv_objdetect2410d.lib opencv_photo2410d.lib opencv_stitching2410d.lib opencv_superres2410d.lib opencv_ts2410d.lib opencv_video2410d.lib opencv_videostab2410d.lib QtCored4.lib QtGuid4.lib QAxContainerd.lib qt4ctl.lib aoctl.lib gdal_i.lib libgsl.lib libgslcblas.lib kernel32.lib user32.lib gdi32.lib winspool.lib comdlg32.lib advapi32.lib shell32.lib ole32.lib oleaut32.lib uuid.lib odbc32.lib odbccp32.lib /MANIFEST /ManifestFile:"Debug\RasterIOCut.exe.intermediate.manifest" /MANIFESTUAC:"level='asInvoker' uiAccess='false'" /DEBUG /PDB:"E:\1_CODE\GDAL\RASTERCUT\RasterIOCut\Debug\RasterIOCut.pdb" /SUBSYSTEM:CONSOLE /TLBID:1 /DYNAMICBASE /NXCOMPAT /IMPLIB:"E:\1_CODE\GDAL\RASTERCUT\RasterIOCut\Debug\RasterIOCut.lib" /MACHINE:X86 Debug\main.obj
         Debug\RasterIOCut.obj
         RasterIOCut.vcxproj -> E:\1_CODE\GDAL\RASTERCUT\RasterIOCut\Debug\RasterIOCut.exe
       Manifest:
         C:\Program Files (x86)\Microsoft SDKs\Windows\v7.0A\bin\mt.exe /nologo /verbose /out:"E:\1_CODE\GDAL\RASTERCUT\RasterIOCut\Debug\RasterIOCut.exe.manifest" /manifest Debug\RasterIOCut.exe.intermediate.manifest
       FinalizeBuildStatus:
         正在删除文件“Debug\RasterIOCut.unsuccessfulbuild”。
         正在对“Debug\RasterIOCut.lastbuildstate”执行 Touch 任务。
     1>已完成生成项目“E:\1_CODE\GDAL\RASTERCUT\RasterIOCut\RasterIOCut\RasterIOCut.vcxproj”(build 个目标)的操作。

生成成功。

已用时间 00:00:01.90
