E:\1_CODE\GDAL\RASTERCUT\RASTERIOCUT\DEBUG\RASTERIOCUT.EXE
E:\1_CODE\GDAL\RASTERCUT\RASTERIOCUT\DEBUG\RASTERIOCUT.EXE.MANIFEST
E:\1_CODE\GDAL\RASTERCUT\RasterIOCut\Debug\RasterIOCut.exp
E:\1_CODE\GDAL\RASTERCUT\RASTERIOCUT\DEBUG\RASTERIOCUT.ILK
E:\1_CODE\GDAL\RASTERCUT\RasterIOCut\Debug\RasterIOCut.lib
E:\1_CODE\GDAL\RASTERCUT\RASTERIOCUT\DEBUG\RASTERIOCUT.PDB
E:\1_CODE\GDAL\RASTERCUT\RasterIOCut\RasterIOCut\Debug\cl.command.1.tlog
E:\1_CODE\GDAL\RASTERCUT\RasterIOCut\RasterIOCut\Debug\CL.read.1.tlog
E:\1_CODE\GDAL\RASTERCUT\RasterIOCut\RasterIOCut\Debug\CL.write.1.tlog
E:\1_CODE\GDAL\RASTERCUT\RasterIOCut\RasterIOCut\Debug\link.command.1.tlog
E:\1_CODE\GDAL\RASTERCUT\RasterIOCut\RasterIOCut\Debug\link.read.1.tlog
E:\1_CODE\GDAL\RASTERCUT\RasterIOCut\RasterIOCut\Debug\link.write.1.tlog
E:\1_CODE\GDAL\RASTERCUT\RASTERIOCUT\RASTERIOCUT\DEBUG\MAIN.OBJ
E:\1_CODE\GDAL\RASTERCUT\RasterIOCut\RasterIOCut\Debug\mt.command.1.tlog
E:\1_CODE\GDAL\RASTERCUT\RasterIOCut\RasterIOCut\Debug\mt.read.1.tlog
E:\1_CODE\GDAL\RASTERCUT\RasterIOCut\RasterIOCut\Debug\mt.write.1.tlog
E:\1_CODE\GDAL\RASTERCUT\RASTERIOCUT\RASTERIOCUT\DEBUG\RASTERIOCUT.EXE.INTERMEDIATE.MANIFEST
E:\1_CODE\GDAL\RASTERCUT\RASTERIOCUT\RASTERIOCUT\DEBUG\RASTERIOCUT.OBJ
E:\1_CODE\GDAL\RASTERCUT\RasterIOCut\RasterIOCut\Debug\RasterIOCut.write.1.tlog
E:\1_CODE\GDAL\RASTERCUT\RasterIOCut\RasterIOCut\Debug\vc100.idb
E:\1_CODE\GDAL\RASTERCUT\RASTERIOCUT\RASTERIOCUT\DEBUG\VC100.PDB
